{"D:\\BACK-SOFT-IA\\MS-USER\\src\\app.js": {"path":"D:\\BACK-SOFT-IA\\MS-USER\\src\\app.js","statementMap":{"0":{"start":{"line":1,"column":16},"end":{"line":1,"column":34}},"1":{"start":{"line":2,"column":13},"end":{"line":2,"column":28}},"2":{"start":{"line":3,"column":18},"end":{"line":3,"column":47}},"3":{"start":{"line":4,"column":20},"end":{"line":4,"column":40}},"4":{"start":{"line":5,"column":19},"end":{"line":5,"column":50}},"5":{"start":{"line":6,"column":21},"end":{"line":6,"column":54}},"6":{"start":{"line":8,"column":12},"end":{"line":8,"column":21}},"7":{"start":{"line":11,"column":0},"end":{"line":11,"column":16}},"8":{"start":{"line":12,"column":0},"end":{"line":12,"column":24}},"9":{"start":{"line":15,"column":0},"end":{"line":15,"column":68}},"10":{"start":{"line":18,"column":0},"end":{"line":18,"column":34}},"11":{"start":{"line":19,"column":0},"end":{"line":19,"column":37}},"12":{"start":{"line":22,"column":0},"end":{"line":24,"column":3}},"13":{"start":{"line":23,"column":2},"end":{"line":23,"column":56}},"14":{"start":{"line":27,"column":0},"end":{"line":30,"column":3}},"15":{"start":{"line":28,"column":2},"end":{"line":28,"column":27}},"16":{"start":{"line":29,"column":2},"end":{"line":29,"column":64}},"17":{"start":{"line":32,"column":13},"end":{"line":32,"column":37}},"18":{"start":{"line":35,"column":0},"end":{"line":39,"column":1}},"19":{"start":{"line":36,"column":2},"end":{"line":38,"column":5}},"20":{"start":{"line":37,"column":4},"end":{"line":37,"column":57}},"21":{"start":{"line":41,"column":0},"end":{"line":41,"column":21}}},"fnMap":{"0":{"name":"(anonymous_0)","decl":{"start":{"line":22,"column":8},"end":{"line":22,"column":9}},"loc":{"start":{"line":22,"column":22},"end":{"line":24,"column":1}},"line":22},"1":{"name":"(anonymous_1)","decl":{"start":{"line":27,"column":8},"end":{"line":27,"column":9}},"loc":{"start":{"line":27,"column":33},"end":{"line":30,"column":1}},"line":27},"2":{"name":"(anonymous_2)","decl":{"start":{"line":36,"column":19},"end":{"line":36,"column":20}},"loc":{"start":{"line":36,"column":25},"end":{"line":38,"column":3}},"line":36}},"branchMap":{"0":{"loc":{"start":{"line":32,"column":13},"end":{"line":32,"column":37}},"type":"binary-expr","locations":[{"start":{"line":32,"column":13},"end":{"line":32,"column":29}},{"start":{"line":32,"column":33},"end":{"line":32,"column":37}}],"line":32},"1":{"loc":{"start":{"line":35,"column":0},"end":{"line":39,"column":1}},"type":"if","locations":[{"start":{"line":35,"column":0},"end":{"line":39,"column":1}},{"start":{},"end":{}}],"line":35}},"s":{"0":4,"1":4,"2":4,"3":4,"4":4,"5":4,"6":4,"7":4,"8":4,"9":4,"10":4,"11":4,"12":4,"13":1,"14":4,"15":0,"16":0,"17":4,"18":4,"19":0,"20":0,"21":4},"f":{"0":1,"1":0,"2":0},"b":{"0":[4,0],"1":[0,4]},"_coverageSchema":"1a1c01bbd47fc00a2c39e90264f33305004495a9","hash":"aa4c52776e35d66fbc03d890a7c92c43ac5ee643"}
,"D:\\BACK-SOFT-IA\\MS-USER\\src\\db.js": {"path":"D:\\BACK-SOFT-IA\\MS-USER\\src\\db.js","statementMap":{"0":{"start":{"line":1,"column":17},"end":{"line":1,"column":30}},"1":{"start":{"line":2,"column":0},"end":{"line":2,"column":27}},"2":{"start":{"line":4,"column":13},"end":{"line":10,"column":2}},"3":{"start":{"line":12,"column":0},"end":{"line":14,"column":3}},"4":{"start":{"line":13,"column":2},"end":{"line":13,"column":49}},"5":{"start":{"line":16,"column":0},"end":{"line":18,"column":3}},"6":{"start":{"line":17,"column":2},"end":{"line":17,"column":59}},"7":{"start":{"line":21,"column":22},"end":{"line":21,"column":43}},"8":{"start":{"line":22,"column":0},"end":{"line":52,"column":2}},"9":{"start":{"line":23,"column":16},"end":{"line":23,"column":26}},"10":{"start":{"line":24,"column":17},"end":{"line":24,"column":56}},"11":{"start":{"line":26,"column":2},"end":{"line":26,"column":50}},"12":{"start":{"line":28,"column":2},"end":{"line":51,"column":3}},"13":{"start":{"line":29,"column":4},"end":{"line":37,"column":7}},"14":{"start":{"line":30,"column":23},"end":{"line":30,"column":41}},"15":{"start":{"line":31,"column":6},"end":{"line":35,"column":7}},"16":{"start":{"line":32,"column":8},"end":{"line":32,"column":63}},"17":{"start":{"line":34,"column":8},"end":{"line":34,"column":77}},"18":{"start":{"line":36,"column":6},"end":{"line":36,"column":28}},"19":{"start":{"line":39,"column":20},"end":{"line":39,"column":47}},"20":{"start":{"line":40,"column":4},"end":{"line":50,"column":9}},"21":{"start":{"line":42,"column":25},"end":{"line":42,"column":43}},"22":{"start":{"line":43,"column":8},"end":{"line":43,"column":77}},"23":{"start":{"line":44,"column":8},"end":{"line":44,"column":22}},"24":{"start":{"line":47,"column":25},"end":{"line":47,"column":43}},"25":{"start":{"line":48,"column":8},"end":{"line":48,"column":63}},"26":{"start":{"line":49,"column":8},"end":{"line":49,"column":18}},"27":{"start":{"line":54,"column":0},"end":{"line":54,"column":22}}},"fnMap":{"0":{"name":"(anonymous_0)","decl":{"start":{"line":12,"column":17},"end":{"line":12,"column":18}},"loc":{"start":{"line":12,"column":26},"end":{"line":14,"column":1}},"line":12},"1":{"name":"(anonymous_1)","decl":{"start":{"line":16,"column":19},"end":{"line":16,"column":20}},"loc":{"start":{"line":16,"column":25},"end":{"line":18,"column":1}},"line":16},"2":{"name":"(anonymous_2)","decl":{"start":{"line":22,"column":13},"end":{"line":22,"column":14}},"loc":{"start":{"line":22,"column":46},"end":{"line":52,"column":1}},"line":22},"3":{"name":"(anonymous_3)","decl":{"start":{"line":29,"column":39},"end":{"line":29,"column":40}},"loc":{"start":{"line":29,"column":56},"end":{"line":37,"column":5}},"line":29},"4":{"name":"(anonymous_4)","decl":{"start":{"line":41,"column":12},"end":{"line":41,"column":13}},"loc":{"start":{"line":41,"column":24},"end":{"line":45,"column":7}},"line":41},"5":{"name":"(anonymous_5)","decl":{"start":{"line":46,"column":13},"end":{"line":46,"column":14}},"loc":{"start":{"line":46,"column":22},"end":{"line":50,"column":7}},"line":46}},"branchMap":{"0":{"loc":{"start":{"line":24,"column":17},"end":{"line":24,"column":56}},"type":"cond-expr","locations":[{"start":{"line":24,"column":26},"end":{"line":24,"column":51}},{"start":{"line":24,"column":54},"end":{"line":24,"column":56}}],"line":24},"1":{"loc":{"start":{"line":28,"column":2},"end":{"line":51,"column":3}},"type":"if","locations":[{"start":{"line":28,"column":2},"end":{"line":51,"column":3}},{"start":{"line":38,"column":9},"end":{"line":51,"column":3}}],"line":28},"2":{"loc":{"start":{"line":31,"column":6},"end":{"line":35,"column":7}},"type":"if","locations":[{"start":{"line":31,"column":6},"end":{"line":35,"column":7}},{"start":{"line":33,"column":13},"end":{"line":35,"column":7}}],"line":31}},"s":{"0":4,"1":4,"2":4,"3":4,"4":0,"5":4,"6":4,"7":4,"8":4,"9":13,"10":13,"11":13,"12":13,"13":0,"14":0,"15":0,"16":0,"17":0,"18":0,"19":13,"20":13,"21":11,"22":11,"23":11,"24":2,"25":2,"26":2,"27":4},"f":{"0":0,"1":4,"2":13,"3":0,"4":11,"5":2},"b":{"0":[11,2],"1":[0,13],"2":[0,0]},"_coverageSchema":"1a1c01bbd47fc00a2c39e90264f33305004495a9","hash":"2f7962e9b4ac9ccdc18597ad8990822faac94272"}
,"D:\\BACK-SOFT-IA\\MS-USER\\src\\swagger.js": {"path":"D:\\BACK-SOFT-IA\\MS-USER\\src\\swagger.js","statementMap":{"0":{"start":{"line":1,"column":21},"end":{"line":1,"column":45}},"1":{"start":{"line":3,"column":16},"end":{"line":37,"column":1}},"2":{"start":{"line":39,"column":14},"end":{"line":39,"column":35}},"3":{"start":{"line":41,"column":0},"end":{"line":41,"column":23}}},"fnMap":{},"branchMap":{"0":{"loc":{"start":{"line":17,"column":13},"end":{"line":17,"column":59}},"type":"binary-expr","locations":[{"start":{"line":17,"column":13},"end":{"line":17,"column":32}},{"start":{"line":17,"column":36},"end":{"line":17,"column":59}}],"line":17}},"s":{"0":4,"1":4,"2":4,"3":4},"f":{},"b":{"0":[4,4]},"_coverageSchema":"1a1c01bbd47fc00a2c39e90264f33305004495a9","hash":"0c824775368d85b45522b959a6f3e84cd9ac9880"}
,"D:\\BACK-SOFT-IA\\MS-USER\\src\\config\\supabase.js": {"path":"D:\\BACK-SOFT-IA\\MS-USER\\src\\config\\supabase.js","statementMap":{"0":{"start":{"line":4,"column":0},"end":{"line":4,"column":16}},"1":{"start":{"line":6,"column":20},"end":{"line":6,"column":44}},"2":{"start":{"line":7,"column":20},"end":{"line":7,"column":44}},"3":{"start":{"line":9,"column":0},"end":{"line":11,"column":1}},"4":{"start":{"line":10,"column":2},"end":{"line":10,"column":63}},"5":{"start":{"line":13,"column":17},"end":{"line":13,"column":55}}},"fnMap":{},"branchMap":{"0":{"loc":{"start":{"line":9,"column":0},"end":{"line":11,"column":1}},"type":"if","locations":[{"start":{"line":9,"column":0},"end":{"line":11,"column":1}},{"start":{},"end":{}}],"line":9},"1":{"loc":{"start":{"line":9,"column":4},"end":{"line":9,"column":32}},"type":"binary-expr","locations":[{"start":{"line":9,"column":4},"end":{"line":9,"column":16}},{"start":{"line":9,"column":20},"end":{"line":9,"column":32}}],"line":9}},"s":{"0":0,"1":0,"2":0,"3":0,"4":0,"5":0},"f":{},"b":{"0":[0,0],"1":[0,0]}}
,"D:\\BACK-SOFT-IA\\MS-USER\\src\\controllers\\user.controller.js": {"path":"D:\\BACK-SOFT-IA\\MS-USER\\src\\controllers\\user.controller.js","statementMap":{"0":{"start":{"line":1,"column":29},"end":{"line":1,"column":57}},"1":{"start":{"line":9,"column":4},"end":{"line":9,"column":39}},"2":{"start":{"line":11,"column":19},"end":{"line":19,"column":2}},"3":{"start":{"line":11,"column":30},"end":{"line":19,"column":1}},"4":{"start":{"line":21,"column":17},"end":{"line":29,"column":1}},"5":{"start":{"line":22,"column":2},"end":{"line":28,"column":3}},"6":{"start":{"line":23,"column":18},"end":{"line":23,"column":37}},"7":{"start":{"line":24,"column":4},"end":{"line":24,"column":48}},"8":{"start":{"line":26,"column":4},"end":{"line":26,"column":47}},"9":{"start":{"line":27,"column":4},"end":{"line":27,"column":51}},"10":{"start":{"line":31,"column":16},"end":{"line":43,"column":1}},"11":{"start":{"line":32,"column":2},"end":{"line":42,"column":3}},"12":{"start":{"line":33,"column":19},"end":{"line":33,"column":29}},"13":{"start":{"line":34,"column":17},"end":{"line":34,"column":38}},"14":{"start":{"line":35,"column":4},"end":{"line":37,"column":5}},"15":{"start":{"line":36,"column":6},"end":{"line":36,"column":70}},"16":{"start":{"line":38,"column":4},"end":{"line":38,"column":43}},"17":{"start":{"line":40,"column":4},"end":{"line":40,"column":46}},"18":{"start":{"line":41,"column":4},"end":{"line":41,"column":51}},"19":{"start":{"line":45,"column":22},"end":{"line":64,"column":1}},"20":{"start":{"line":46,"column":2},"end":{"line":63,"column":3}},"21":{"start":{"line":47,"column":19},"end":{"line":47,"column":40}},"22":{"start":{"line":48,"column":4},"end":{"line":50,"column":5}},"23":{"start":{"line":49,"column":6},"end":{"line":49,"column":68}},"24":{"start":{"line":52,"column":45},"end":{"line":52,"column":53}},"25":{"start":{"line":53,"column":4},"end":{"line":53,"column":60}},"26":{"start":{"line":55,"column":17},"end":{"line":55,"column":78}},"27":{"start":{"line":56,"column":4},"end":{"line":56,"column":43}},"28":{"start":{"line":58,"column":4},"end":{"line":58,"column":52}},"29":{"start":{"line":59,"column":4},"end":{"line":61,"column":5}},"30":{"start":{"line":60,"column":6},"end":{"line":60,"column":68}},"31":{"start":{"line":62,"column":4},"end":{"line":62,"column":51}},"32":{"start":{"line":66,"column":27},"end":{"line":81,"column":1}},"33":{"start":{"line":67,"column":2},"end":{"line":80,"column":3}},"34":{"start":{"line":68,"column":19},"end":{"line":68,"column":29}},"35":{"start":{"line":69,"column":20},"end":{"line":69,"column":22}},"36":{"start":{"line":70,"column":4},"end":{"line":70,"column":57}},"37":{"start":{"line":70,"column":23},"end":{"line":70,"column":57}},"38":{"start":{"line":71,"column":4},"end":{"line":71,"column":55}},"39":{"start":{"line":71,"column":24},"end":{"line":71,"column":55}},"40":{"start":{"line":72,"column":4},"end":{"line":72,"column":55}},"41":{"start":{"line":72,"column":24},"end":{"line":72,"column":55}},"42":{"start":{"line":73,"column":4},"end":{"line":73,"column":64}},"43":{"start":{"line":73,"column":27},"end":{"line":73,"column":64}},"44":{"start":{"line":75,"column":17},"end":{"line":75,"column":46}},"45":{"start":{"line":76,"column":4},"end":{"line":76,"column":43}},"46":{"start":{"line":78,"column":4},"end":{"line":78,"column":57}},"47":{"start":{"line":79,"column":4},"end":{"line":79,"column":51}},"48":{"start":{"line":83,"column":27},"end":{"line":92,"column":1}},"49":{"start":{"line":84,"column":2},"end":{"line":91,"column":3}},"50":{"start":{"line":85,"column":19},"end":{"line":85,"column":29}},"51":{"start":{"line":86,"column":4},"end":{"line":86,"column":25}},"52":{"start":{"line":87,"column":4},"end":{"line":87,"column":59}},"53":{"start":{"line":89,"column":4},"end":{"line":89,"column":57}},"54":{"start":{"line":90,"column":4},"end":{"line":90,"column":51}},"55":{"start":{"line":94,"column":31},"end":{"line":103,"column":1}},"56":{"start":{"line":95,"column":2},"end":{"line":102,"column":3}},"57":{"start":{"line":96,"column":19},"end":{"line":96,"column":29}},"58":{"start":{"line":97,"column":17},"end":{"line":97,"column":41}},"59":{"start":{"line":98,"column":4},"end":{"line":98,"column":43}},"60":{"start":{"line":100,"column":4},"end":{"line":100,"column":61}},"61":{"start":{"line":101,"column":4},"end":{"line":101,"column":51}},"62":{"start":{"line":105,"column":0},"end":{"line":112,"column":2}}},"fnMap":{"0":{"name":"(anonymous_0)","decl":{"start":{"line":11,"column":19},"end":{"line":11,"column":20}},"loc":{"start":{"line":11,"column":30},"end":{"line":19,"column":1}},"line":11},"1":{"name":"(anonymous_1)","decl":{"start":{"line":21,"column":17},"end":{"line":21,"column":18}},"loc":{"start":{"line":21,"column":37},"end":{"line":29,"column":1}},"line":21},"2":{"name":"(anonymous_2)","decl":{"start":{"line":31,"column":16},"end":{"line":31,"column":17}},"loc":{"start":{"line":31,"column":36},"end":{"line":43,"column":1}},"line":31},"3":{"name":"(anonymous_3)","decl":{"start":{"line":45,"column":22},"end":{"line":45,"column":23}},"loc":{"start":{"line":45,"column":42},"end":{"line":64,"column":1}},"line":45},"4":{"name":"(anonymous_4)","decl":{"start":{"line":66,"column":27},"end":{"line":66,"column":28}},"loc":{"start":{"line":66,"column":47},"end":{"line":81,"column":1}},"line":66},"5":{"name":"(anonymous_5)","decl":{"start":{"line":83,"column":27},"end":{"line":83,"column":28}},"loc":{"start":{"line":83,"column":47},"end":{"line":92,"column":1}},"line":83},"6":{"name":"(anonymous_6)","decl":{"start":{"line":94,"column":31},"end":{"line":94,"column":32}},"loc":{"start":{"line":94,"column":51},"end":{"line":103,"column":1}},"line":94}},"branchMap":{"0":{"loc":{"start":{"line":35,"column":4},"end":{"line":37,"column":5}},"type":"if","locations":[{"start":{"line":35,"column":4},"end":{"line":37,"column":5}},{"start":{},"end":{}}],"line":35},"1":{"loc":{"start":{"line":48,"column":4},"end":{"line":50,"column":5}},"type":"if","locations":[{"start":{"line":48,"column":4},"end":{"line":50,"column":5}},{"start":{},"end":{}}],"line":48},"2":{"loc":{"start":{"line":59,"column":4},"end":{"line":61,"column":5}},"type":"if","locations":[{"start":{"line":59,"column":4},"end":{"line":61,"column":5}},{"start":{},"end":{}}],"line":59},"3":{"loc":{"start":{"line":70,"column":4},"end":{"line":70,"column":57}},"type":"if","locations":[{"start":{"line":70,"column":4},"end":{"line":70,"column":57}},{"start":{},"end":{}}],"line":70},"4":{"loc":{"start":{"line":71,"column":4},"end":{"line":71,"column":55}},"type":"if","locations":[{"start":{"line":71,"column":4},"end":{"line":71,"column":55}},{"start":{},"end":{}}],"line":71},"5":{"loc":{"start":{"line":72,"column":4},"end":{"line":72,"column":55}},"type":"if","locations":[{"start":{"line":72,"column":4},"end":{"line":72,"column":55}},{"start":{},"end":{}}],"line":72},"6":{"loc":{"start":{"line":73,"column":4},"end":{"line":73,"column":64}},"type":"if","locations":[{"start":{"line":73,"column":4},"end":{"line":73,"column":64}},{"start":{},"end":{}}],"line":73}},"s":{"0":4,"1":4,"2":4,"3":57,"4":4,"5":2,"6":2,"7":2,"8":0,"9":0,"10":4,"11":3,"12":3,"13":3,"14":1,"15":0,"16":1,"17":2,"18":2,"19":4,"20":6,"21":6,"22":6,"23":0,"24":6,"25":6,"26":6,"27":5,"28":1,"29":1,"30":1,"31":0,"32":4,"33":1,"34":1,"35":1,"36":1,"37":1,"38":1,"39":0,"40":1,"41":0,"42":1,"43":0,"44":1,"45":1,"46":0,"47":0,"48":4,"49":1,"50":1,"51":1,"52":1,"53":0,"54":0,"55":4,"56":0,"57":0,"58":0,"59":0,"60":0,"61":0,"62":4},"f":{"0":57,"1":2,"2":3,"3":6,"4":1,"5":1,"6":0},"b":{"0":[0,1],"1":[0,6],"2":[1,0],"3":[1,0],"4":[0,1],"5":[0,1],"6":[0,1]},"_coverageSchema":"1a1c01bbd47fc00a2c39e90264f33305004495a9","hash":"bad8d846acf4b77ec01d4495db2b50528e0733ec"}
,"D:\\BACK-SOFT-IA\\MS-USER\\src\\middlewares\\authMiddleware.js": {"path":"D:\\BACK-SOFT-IA\\MS-USER\\src\\middlewares\\authMiddleware.js","statementMap":{"0":{"start":{"line":1,"column":12},"end":{"line":1,"column":35}},"1":{"start":{"line":3,"column":23},"end":{"line":18,"column":1}},"2":{"start":{"line":4,"column":2},"end":{"line":17,"column":3}},"3":{"start":{"line":5,"column":23},"end":{"line":5,"column":51}},"4":{"start":{"line":6,"column":18},"end":{"line":6,"column":56}},"5":{"start":{"line":8,"column":4},"end":{"line":10,"column":5}},"6":{"start":{"line":9,"column":6},"end":{"line":9,"column":66}},"7":{"start":{"line":12,"column":20},"end":{"line":12,"column":73}},"8":{"start":{"line":13,"column":4},"end":{"line":13,"column":28}},"9":{"start":{"line":14,"column":4},"end":{"line":14,"column":11}},"10":{"start":{"line":16,"column":4},"end":{"line":16,"column":71}},"11":{"start":{"line":20,"column":0},"end":{"line":20,"column":32}}},"fnMap":{"0":{"name":"(anonymous_0)","decl":{"start":{"line":3,"column":23},"end":{"line":3,"column":24}},"loc":{"start":{"line":3,"column":43},"end":{"line":18,"column":1}},"line":3}},"branchMap":{"0":{"loc":{"start":{"line":6,"column":18},"end":{"line":6,"column":56}},"type":"binary-expr","locations":[{"start":{"line":6,"column":18},"end":{"line":6,"column":28}},{"start":{"line":6,"column":32},"end":{"line":6,"column":56}}],"line":6},"1":{"loc":{"start":{"line":8,"column":4},"end":{"line":10,"column":5}},"type":"if","locations":[{"start":{"line":8,"column":4},"end":{"line":10,"column":5}},{"start":{},"end":{}}],"line":8},"2":{"loc":{"start":{"line":12,"column":38},"end":{"line":12,"column":72}},"type":"binary-expr","locations":[{"start":{"line":12,"column":38},"end":{"line":12,"column":60}},{"start":{"line":12,"column":64},"end":{"line":12,"column":72}}],"line":12}},"s":{"0":0,"1":0,"2":0,"3":0,"4":0,"5":0,"6":0,"7":0,"8":0,"9":0,"10":0,"11":0},"f":{"0":0},"b":{"0":[0,0],"1":[0,0],"2":[0,0]}}
,"D:\\BACK-SOFT-IA\\MS-USER\\src\\routes\\health.routes.js": {"path":"D:\\BACK-SOFT-IA\\MS-USER\\src\\routes\\health.routes.js","statementMap":{"0":{"start":{"line":1,"column":16},"end":{"line":1,"column":34}},"1":{"start":{"line":2,"column":15},"end":{"line":2,"column":31}},"2":{"start":{"line":4,"column":18},"end":{"line":4,"column":28}},"3":{"start":{"line":6,"column":0},"end":{"line":15,"column":3}},"4":{"start":{"line":7,"column":17},"end":{"line":7,"column":60}},"5":{"start":{"line":9,"column":2},"end":{"line":14,"column":5}},"6":{"start":{"line":17,"column":0},"end":{"line":17,"column":24}}},"fnMap":{"0":{"name":"(anonymous_0)","decl":{"start":{"line":6,"column":16},"end":{"line":6,"column":17}},"loc":{"start":{"line":6,"column":30},"end":{"line":15,"column":1}},"line":6}},"branchMap":{},"s":{"0":4,"1":4,"2":4,"3":4,"4":2,"5":2,"6":4},"f":{"0":2},"b":{},"_coverageSchema":"1a1c01bbd47fc00a2c39e90264f33305004495a9","hash":"1cb867afc8d817e24b3aef1da12e9e9d7ec93372"}
,"D:\\BACK-SOFT-IA\\MS-USER\\src\\routes\\user.routes.js": {"path":"D:\\BACK-SOFT-IA\\MS-USER\\src\\routes\\user.routes.js","statementMap":{"0":{"start":{"line":1,"column":16},"end":{"line":1,"column":34}},"1":{"start":{"line":2,"column":15},"end":{"line":2,"column":31}},"2":{"start":{"line":3,"column":35},"end":{"line":3,"column":63}},"3":{"start":{"line":4,"column":109},"end":{"line":4,"column":150}},"4":{"start":{"line":6,"column":31},"end":{"line":12,"column":1}},"5":{"start":{"line":7,"column":17},"end":{"line":7,"column":38}},"6":{"start":{"line":8,"column":2},"end":{"line":10,"column":3}},"7":{"start":{"line":9,"column":4},"end":{"line":9,"column":66}},"8":{"start":{"line":11,"column":2},"end":{"line":11,"column":9}},"9":{"start":{"line":15,"column":0},"end":{"line":21,"column":2}},"10":{"start":{"line":24,"column":0},"end":{"line":30,"column":2}},"11":{"start":{"line":33,"column":0},"end":{"line":35,"column":3}},"12":{"start":{"line":34,"column":2},"end":{"line":34,"column":67}},"13":{"start":{"line":38,"column":0},"end":{"line":38,"column":26}},"14":{"start":{"line":41,"column":0},"end":{"line":41,"column":28}},"15":{"start":{"line":44,"column":0},"end":{"line":44,"column":39}},"16":{"start":{"line":47,"column":0},"end":{"line":47,"column":42}},"17":{"start":{"line":50,"column":0},"end":{"line":50,"column":56}},"18":{"start":{"line":52,"column":0},"end":{"line":52,"column":24}}},"fnMap":{"0":{"name":"(anonymous_0)","decl":{"start":{"line":6,"column":31},"end":{"line":6,"column":32}},"loc":{"start":{"line":6,"column":51},"end":{"line":12,"column":1}},"line":6},"1":{"name":"(anonymous_1)","decl":{"start":{"line":33,"column":22},"end":{"line":33,"column":23}},"loc":{"start":{"line":33,"column":36},"end":{"line":35,"column":1}},"line":33}},"branchMap":{"0":{"loc":{"start":{"line":8,"column":2},"end":{"line":10,"column":3}},"type":"if","locations":[{"start":{"line":8,"column":2},"end":{"line":10,"column":3}},{"start":{},"end":{}}],"line":8}},"s":{"0":4,"1":4,"2":4,"3":4,"4":4,"5":9,"6":9,"7":3,"8":6,"9":4,"10":4,"11":4,"12":0,"13":4,"14":4,"15":4,"16":4,"17":4,"18":4},"f":{"0":9,"1":0},"b":{"0":[3,6]},"_coverageSchema":"1a1c01bbd47fc00a2c39e90264f33305004495a9","hash":"bd75a9ffce70458eb5f47d41950f976ea4caa22c"}
,"D:\\BACK-SOFT-IA\\MS-USER\\src\\services\\user.service.js": {"path":"D:\\BACK-SOFT-IA\\MS-USER\\src\\services\\user.service.js","statementMap":{"0":{"start":{"line":1,"column":13},"end":{"line":1,"column":29}},"1":{"start":{"line":2,"column":15},"end":{"line":2,"column":32}},"2":{"start":{"line":5,"column":23},"end":{"line":5,"column":40}},"3":{"start":{"line":7,"column":20},"end":{"line":20,"column":1}},"4":{"start":{"line":8,"column":2},"end":{"line":19,"column":3}},"5":{"start":{"line":9,"column":18},"end":{"line":13,"column":5}},"6":{"start":{"line":14,"column":21},"end":{"line":14,"column":44}},"7":{"start":{"line":15,"column":4},"end":{"line":15,"column":16}},"8":{"start":{"line":17,"column":4},"end":{"line":17,"column":58}},"9":{"start":{"line":18,"column":4},"end":{"line":18,"column":16}},"10":{"start":{"line":22,"column":20},"end":{"line":31,"column":1}},"11":{"start":{"line":23,"column":16},"end":{"line":27,"column":3}},"12":{"start":{"line":28,"column":19},"end":{"line":28,"column":48}},"13":{"start":{"line":29,"column":2},"end":{"line":29,"column":57}},"14":{"start":{"line":29,"column":16},"end":{"line":29,"column":57}},"15":{"start":{"line":30,"column":2},"end":{"line":30,"column":17}},"16":{"start":{"line":33,"column":19},"end":{"line":47,"column":1}},"17":{"start":{"line":34,"column":13},"end":{"line":34,"column":25}},"18":{"start":{"line":35,"column":25},"end":{"line":35,"column":56}},"19":{"start":{"line":37,"column":16},"end":{"line":42,"column":3}},"20":{"start":{"line":43,"column":17},"end":{"line":43,"column":62}},"21":{"start":{"line":45,"column":19},"end":{"line":45,"column":50}},"22":{"start":{"line":46,"column":2},"end":{"line":46,"column":17}},"23":{"start":{"line":49,"column":19},"end":{"line":73,"column":1}},"24":{"start":{"line":50,"column":14},"end":{"line":55,"column":3}},"25":{"start":{"line":56,"column":15},"end":{"line":56,"column":40}},"26":{"start":{"line":58,"column":2},"end":{"line":62,"column":3}},"27":{"start":{"line":59,"column":27},"end":{"line":59,"column":58}},"28":{"start":{"line":60,"column":4},"end":{"line":60,"column":36}},"29":{"start":{"line":61,"column":4},"end":{"line":61,"column":32}},"30":{"start":{"line":64,"column":2},"end":{"line":67,"column":4}},"31":{"start":{"line":68,"column":2},"end":{"line":68,"column":18}},"32":{"start":{"line":70,"column":19},"end":{"line":70,"column":50}},"33":{"start":{"line":71,"column":2},"end":{"line":71,"column":57}},"34":{"start":{"line":71,"column":16},"end":{"line":71,"column":57}},"35":{"start":{"line":72,"column":2},"end":{"line":72,"column":17}},"36":{"start":{"line":75,"column":19},"end":{"line":80,"column":1}},"37":{"start":{"line":76,"column":16},"end":{"line":76,"column":75}},"38":{"start":{"line":77,"column":19},"end":{"line":77,"column":48}},"39":{"start":{"line":78,"column":2},"end":{"line":78,"column":57}},"40":{"start":{"line":78,"column":16},"end":{"line":78,"column":57}},"41":{"start":{"line":79,"column":2},"end":{"line":79,"column":17}},"42":{"start":{"line":82,"column":23},"end":{"line":92,"column":1}},"43":{"start":{"line":83,"column":16},"end":{"line":88,"column":3}},"44":{"start":{"line":89,"column":19},"end":{"line":89,"column":48}},"45":{"start":{"line":90,"column":2},"end":{"line":90,"column":57}},"46":{"start":{"line":90,"column":16},"end":{"line":90,"column":57}},"47":{"start":{"line":91,"column":2},"end":{"line":91,"column":17}},"48":{"start":{"line":94,"column":0},"end":{"line":101,"column":2}}},"fnMap":{"0":{"name":"(anonymous_0)","decl":{"start":{"line":7,"column":20},"end":{"line":7,"column":21}},"loc":{"start":{"line":7,"column":32},"end":{"line":20,"column":1}},"line":7},"1":{"name":"(anonymous_1)","decl":{"start":{"line":22,"column":20},"end":{"line":22,"column":21}},"loc":{"start":{"line":22,"column":34},"end":{"line":31,"column":1}},"line":22},"2":{"name":"(anonymous_2)","decl":{"start":{"line":33,"column":19},"end":{"line":33,"column":20}},"loc":{"start":{"line":33,"column":68},"end":{"line":47,"column":1}},"line":33},"3":{"name":"(anonymous_3)","decl":{"start":{"line":49,"column":19},"end":{"line":49,"column":20}},"loc":{"start":{"line":49,"column":72},"end":{"line":73,"column":1}},"line":49},"4":{"name":"(anonymous_4)","decl":{"start":{"line":75,"column":19},"end":{"line":75,"column":20}},"loc":{"start":{"line":75,"column":33},"end":{"line":80,"column":1}},"line":75},"5":{"name":"(anonymous_5)","decl":{"start":{"line":82,"column":23},"end":{"line":82,"column":24}},"loc":{"start":{"line":82,"column":37},"end":{"line":92,"column":1}},"line":82}},"branchMap":{"0":{"loc":{"start":{"line":29,"column":2},"end":{"line":29,"column":57}},"type":"if","locations":[{"start":{"line":29,"column":2},"end":{"line":29,"column":57}},{"start":{},"end":{}}],"line":29},"1":{"loc":{"start":{"line":58,"column":2},"end":{"line":62,"column":3}},"type":"if","locations":[{"start":{"line":58,"column":2},"end":{"line":62,"column":3}},{"start":{},"end":{}}],"line":58},"2":{"loc":{"start":{"line":71,"column":2},"end":{"line":71,"column":57}},"type":"if","locations":[{"start":{"line":71,"column":2},"end":{"line":71,"column":57}},{"start":{},"end":{}}],"line":71},"3":{"loc":{"start":{"line":78,"column":2},"end":{"line":78,"column":57}},"type":"if","locations":[{"start":{"line":78,"column":2},"end":{"line":78,"column":57}},{"start":{},"end":{}}],"line":78},"4":{"loc":{"start":{"line":90,"column":2},"end":{"line":90,"column":57}},"type":"if","locations":[{"start":{"line":90,"column":2},"end":{"line":90,"column":57}},{"start":{},"end":{}}],"line":90}},"s":{"0":4,"1":4,"2":4,"3":4,"4":2,"5":2,"6":2,"7":2,"8":0,"9":0,"10":4,"11":3,"12":3,"13":2,"14":1,"15":1,"16":4,"17":6,"18":6,"19":6,"20":6,"21":6,"22":5,"23":4,"24":1,"25":1,"26":1,"27":0,"28":0,"29":0,"30":1,"31":1,"32":1,"33":1,"34":0,"35":1,"36":4,"37":1,"38":1,"39":1,"40":0,"41":1,"42":4,"43":0,"44":0,"45":0,"46":0,"47":0,"48":4},"f":{"0":2,"1":3,"2":6,"3":1,"4":1,"5":0},"b":{"0":[1,1],"1":[0,1],"2":[0,1],"3":[0,1],"4":[0,0]},"_coverageSchema":"1a1c01bbd47fc00a2c39e90264f33305004495a9","hash":"d8256d6d9f1ba47e268e2eab1cc5f82472af188b"}
}
