{"D:\\BACK-SOFT-IA\\MS-USER\\src\\app.js": {"path":"D:\\BACK-SOFT-IA\\MS-USER\\src\\app.js","statementMap":{"0":{"start":{"line":1,"column":16},"end":{"line":1,"column":34}},"1":{"start":{"line":2,"column":13},"end":{"line":2,"column":28}},"2":{"start":{"line":3,"column":18},"end":{"line":3,"column":47}},"3":{"start":{"line":4,"column":20},"end":{"line":4,"column":40}},"4":{"start":{"line":5,"column":19},"end":{"line":5,"column":50}},"5":{"start":{"line":7,"column":12},"end":{"line":7,"column":21}},"6":{"start":{"line":10,"column":0},"end":{"line":10,"column":16}},"7":{"start":{"line":11,"column":0},"end":{"line":11,"column":24}},"8":{"start":{"line":12,"column":0},"end":{"line":12,"column":48}},"9":{"start":{"line":15,"column":0},"end":{"line":15,"column":68}},"10":{"start":{"line":18,"column":0},"end":{"line":24,"column":3}},"11":{"start":{"line":19,"column":2},"end":{"line":23,"column":5}},"12":{"start":{"line":27,"column":0},"end":{"line":27,"column":34}},"13":{"start":{"line":30,"column":0},"end":{"line":35,"column":3}},"14":{"start":{"line":31,"column":2},"end":{"line":31,"column":31}},"15":{"start":{"line":32,"column":2},"end":{"line":34,"column":5}},"16":{"start":{"line":38,"column":0},"end":{"line":43,"column":3}},"17":{"start":{"line":39,"column":2},"end":{"line":42,"column":5}},"18":{"start":{"line":45,"column":0},"end":{"line":45,"column":21}}},"fnMap":{"0":{"name":"(anonymous_0)","decl":{"start":{"line":18,"column":23},"end":{"line":18,"column":24}},"loc":{"start":{"line":18,"column":37},"end":{"line":24,"column":1}},"line":18},"1":{"name":"(anonymous_1)","decl":{"start":{"line":30,"column":8},"end":{"line":30,"column":9}},"loc":{"start":{"line":30,"column":33},"end":{"line":35,"column":1}},"line":30},"2":{"name":"(anonymous_2)","decl":{"start":{"line":38,"column":8},"end":{"line":38,"column":9}},"loc":{"start":{"line":38,"column":22},"end":{"line":43,"column":1}},"line":38}},"branchMap":{"0":{"loc":{"start":{"line":32,"column":13},"end":{"line":32,"column":30}},"type":"binary-expr","locations":[{"start":{"line":32,"column":13},"end":{"line":32,"column":23}},{"start":{"line":32,"column":27},"end":{"line":32,"column":30}}],"line":32},"1":{"loc":{"start":{"line":33,"column":11},"end":{"line":33,"column":49}},"type":"binary-expr","locations":[{"start":{"line":33,"column":11},"end":{"line":33,"column":22}},{"start":{"line":33,"column":26},"end":{"line":33,"column":49}}],"line":33}},"s":{"0":4,"1":4,"2":4,"3":4,"4":4,"5":4,"6":4,"7":4,"8":4,"9":4,"10":4,"11":2,"12":4,"13":4,"14":0,"15":0,"16":4,"17":1,"18":4},"f":{"0":2,"1":0,"2":1},"b":{"0":[0,0],"1":[0,0]},"_coverageSchema":"1a1c01bbd47fc00a2c39e90264f33305004495a9","hash":"ee41bca3433724a8eb68fe8b310c9a92b8a3b159"}
,"D:\\BACK-SOFT-IA\\MS-USER\\src\\db.js": {"path":"D:\\BACK-SOFT-IA\\MS-USER\\src\\db.js","statementMap":{"0":{"start":{"line":1,"column":17},"end":{"line":1,"column":30}},"1":{"start":{"line":2,"column":0},"end":{"line":2,"column":27}},"2":{"start":{"line":4,"column":13},"end":{"line":10,"column":2}},"3":{"start":{"line":12,"column":0},"end":{"line":14,"column":3}},"4":{"start":{"line":13,"column":2},"end":{"line":13,"column":49}},"5":{"start":{"line":16,"column":0},"end":{"line":18,"column":3}},"6":{"start":{"line":17,"column":2},"end":{"line":17,"column":59}},"7":{"start":{"line":21,"column":22},"end":{"line":21,"column":43}},"8":{"start":{"line":22,"column":0},"end":{"line":52,"column":2}},"9":{"start":{"line":23,"column":16},"end":{"line":23,"column":26}},"10":{"start":{"line":24,"column":17},"end":{"line":24,"column":56}},"11":{"start":{"line":26,"column":2},"end":{"line":26,"column":50}},"12":{"start":{"line":28,"column":2},"end":{"line":51,"column":3}},"13":{"start":{"line":29,"column":4},"end":{"line":37,"column":7}},"14":{"start":{"line":30,"column":23},"end":{"line":30,"column":41}},"15":{"start":{"line":31,"column":6},"end":{"line":35,"column":7}},"16":{"start":{"line":32,"column":8},"end":{"line":32,"column":63}},"17":{"start":{"line":34,"column":8},"end":{"line":34,"column":77}},"18":{"start":{"line":36,"column":6},"end":{"line":36,"column":28}},"19":{"start":{"line":39,"column":20},"end":{"line":39,"column":47}},"20":{"start":{"line":40,"column":4},"end":{"line":50,"column":9}},"21":{"start":{"line":42,"column":25},"end":{"line":42,"column":43}},"22":{"start":{"line":43,"column":8},"end":{"line":43,"column":77}},"23":{"start":{"line":44,"column":8},"end":{"line":44,"column":22}},"24":{"start":{"line":47,"column":25},"end":{"line":47,"column":43}},"25":{"start":{"line":48,"column":8},"end":{"line":48,"column":63}},"26":{"start":{"line":49,"column":8},"end":{"line":49,"column":18}},"27":{"start":{"line":54,"column":0},"end":{"line":54,"column":22}}},"fnMap":{"0":{"name":"(anonymous_0)","decl":{"start":{"line":12,"column":17},"end":{"line":12,"column":18}},"loc":{"start":{"line":12,"column":26},"end":{"line":14,"column":1}},"line":12},"1":{"name":"(anonymous_1)","decl":{"start":{"line":16,"column":19},"end":{"line":16,"column":20}},"loc":{"start":{"line":16,"column":25},"end":{"line":18,"column":1}},"line":16},"2":{"name":"(anonymous_2)","decl":{"start":{"line":22,"column":13},"end":{"line":22,"column":14}},"loc":{"start":{"line":22,"column":46},"end":{"line":52,"column":1}},"line":22},"3":{"name":"(anonymous_3)","decl":{"start":{"line":29,"column":39},"end":{"line":29,"column":40}},"loc":{"start":{"line":29,"column":56},"end":{"line":37,"column":5}},"line":29},"4":{"name":"(anonymous_4)","decl":{"start":{"line":41,"column":12},"end":{"line":41,"column":13}},"loc":{"start":{"line":41,"column":24},"end":{"line":45,"column":7}},"line":41},"5":{"name":"(anonymous_5)","decl":{"start":{"line":46,"column":13},"end":{"line":46,"column":14}},"loc":{"start":{"line":46,"column":22},"end":{"line":50,"column":7}},"line":46}},"branchMap":{"0":{"loc":{"start":{"line":24,"column":17},"end":{"line":24,"column":56}},"type":"cond-expr","locations":[{"start":{"line":24,"column":26},"end":{"line":24,"column":51}},{"start":{"line":24,"column":54},"end":{"line":24,"column":56}}],"line":24},"1":{"loc":{"start":{"line":28,"column":2},"end":{"line":51,"column":3}},"type":"if","locations":[{"start":{"line":28,"column":2},"end":{"line":51,"column":3}},{"start":{"line":38,"column":9},"end":{"line":51,"column":3}}],"line":28},"2":{"loc":{"start":{"line":31,"column":6},"end":{"line":35,"column":7}},"type":"if","locations":[{"start":{"line":31,"column":6},"end":{"line":35,"column":7}},{"start":{"line":33,"column":13},"end":{"line":35,"column":7}}],"line":31}},"s":{"0":4,"1":4,"2":4,"3":4,"4":0,"5":4,"6":4,"7":4,"8":4,"9":13,"10":13,"11":13,"12":13,"13":0,"14":0,"15":0,"16":0,"17":0,"18":0,"19":13,"20":13,"21":11,"22":11,"23":11,"24":2,"25":2,"26":2,"27":4},"f":{"0":0,"1":4,"2":13,"3":0,"4":11,"5":2},"b":{"0":[11,2],"1":[0,13],"2":[0,0]},"_coverageSchema":"1a1c01bbd47fc00a2c39e90264f33305004495a9","hash":"2f7962e9b4ac9ccdc18597ad8990822faac94272"}
,"D:\\BACK-SOFT-IA\\MS-USER\\src\\swagger.js": {"path":"D:\\BACK-SOFT-IA\\MS-USER\\src\\swagger.js","statementMap":{"0":{"start":{"line":1,"column":21},"end":{"line":1,"column":45}},"1":{"start":{"line":3,"column":16},"end":{"line":37,"column":1}},"2":{"start":{"line":39,"column":14},"end":{"line":39,"column":35}},"3":{"start":{"line":41,"column":0},"end":{"line":41,"column":23}}},"fnMap":{},"branchMap":{"0":{"loc":{"start":{"line":17,"column":13},"end":{"line":17,"column":59}},"type":"binary-expr","locations":[{"start":{"line":17,"column":13},"end":{"line":17,"column":32}},{"start":{"line":17,"column":36},"end":{"line":17,"column":59}}],"line":17}},"s":{"0":4,"1":4,"2":4,"3":4},"f":{},"b":{"0":[4,4]},"_coverageSchema":"1a1c01bbd47fc00a2c39e90264f33305004495a9","hash":"0c824775368d85b45522b959a6f3e84cd9ac9880"}
,"D:\\BACK-SOFT-IA\\MS-USER\\src\\config\\supabase.js": {"path":"D:\\BACK-SOFT-IA\\MS-USER\\src\\config\\supabase.js","statementMap":{"0":{"start":{"line":4,"column":0},"end":{"line":4,"column":16}},"1":{"start":{"line":6,"column":20},"end":{"line":6,"column":44}},"2":{"start":{"line":7,"column":20},"end":{"line":7,"column":44}},"3":{"start":{"line":9,"column":0},"end":{"line":11,"column":1}},"4":{"start":{"line":10,"column":2},"end":{"line":10,"column":63}},"5":{"start":{"line":13,"column":17},"end":{"line":13,"column":55}}},"fnMap":{},"branchMap":{"0":{"loc":{"start":{"line":9,"column":0},"end":{"line":11,"column":1}},"type":"if","locations":[{"start":{"line":9,"column":0},"end":{"line":11,"column":1}},{"start":{},"end":{}}],"line":9},"1":{"loc":{"start":{"line":9,"column":4},"end":{"line":9,"column":32}},"type":"binary-expr","locations":[{"start":{"line":9,"column":4},"end":{"line":9,"column":16}},{"start":{"line":9,"column":20},"end":{"line":9,"column":32}}],"line":9}},"s":{"0":0,"1":0,"2":0,"3":0,"4":0,"5":0},"f":{},"b":{"0":[0,0],"1":[0,0]}}
,"D:\\BACK-SOFT-IA\\MS-USER\\src\\controllers\\user.controller.js": {"path":"D:\\BACK-SOFT-IA\\MS-USER\\src\\controllers\\user.controller.js","statementMap":{"0":{"start":{"line":1,"column":29},"end":{"line":1,"column":57}},"1":{"start":{"line":9,"column":4},"end":{"line":9,"column":39}},"2":{"start":{"line":11,"column":19},"end":{"line":19,"column":2}},"3":{"start":{"line":11,"column":30},"end":{"line":19,"column":1}},"4":{"start":{"line":21,"column":17},"end":{"line":28,"column":1}},"5":{"start":{"line":22,"column":2},"end":{"line":27,"column":3}},"6":{"start":{"line":23,"column":18},"end":{"line":23,"column":37}},"7":{"start":{"line":24,"column":4},"end":{"line":24,"column":48}},"8":{"start":{"line":26,"column":4},"end":{"line":26,"column":51}},"9":{"start":{"line":30,"column":16},"end":{"line":38,"column":1}},"10":{"start":{"line":31,"column":2},"end":{"line":37,"column":3}},"11":{"start":{"line":32,"column":19},"end":{"line":32,"column":29}},"12":{"start":{"line":33,"column":17},"end":{"line":33,"column":38}},"13":{"start":{"line":34,"column":4},"end":{"line":34,"column":43}},"14":{"start":{"line":36,"column":4},"end":{"line":36,"column":51}},"15":{"start":{"line":40,"column":22},"end":{"line":56,"column":1}},"16":{"start":{"line":41,"column":2},"end":{"line":55,"column":3}},"17":{"start":{"line":42,"column":19},"end":{"line":42,"column":40}},"18":{"start":{"line":43,"column":4},"end":{"line":45,"column":5}},"19":{"start":{"line":44,"column":6},"end":{"line":44,"column":68}},"20":{"start":{"line":47,"column":45},"end":{"line":47,"column":53}},"21":{"start":{"line":48,"column":17},"end":{"line":48,"column":78}},"22":{"start":{"line":49,"column":4},"end":{"line":49,"column":43}},"23":{"start":{"line":51,"column":4},"end":{"line":53,"column":5}},"24":{"start":{"line":52,"column":6},"end":{"line":52,"column":68}},"25":{"start":{"line":54,"column":4},"end":{"line":54,"column":51}},"26":{"start":{"line":58,"column":27},"end":{"line":72,"column":1}},"27":{"start":{"line":59,"column":2},"end":{"line":71,"column":3}},"28":{"start":{"line":60,"column":19},"end":{"line":60,"column":29}},"29":{"start":{"line":61,"column":20},"end":{"line":61,"column":22}},"30":{"start":{"line":62,"column":4},"end":{"line":62,"column":57}},"31":{"start":{"line":62,"column":23},"end":{"line":62,"column":57}},"32":{"start":{"line":63,"column":4},"end":{"line":63,"column":55}},"33":{"start":{"line":63,"column":24},"end":{"line":63,"column":55}},"34":{"start":{"line":64,"column":4},"end":{"line":64,"column":55}},"35":{"start":{"line":64,"column":24},"end":{"line":64,"column":55}},"36":{"start":{"line":65,"column":4},"end":{"line":65,"column":64}},"37":{"start":{"line":65,"column":27},"end":{"line":65,"column":64}},"38":{"start":{"line":67,"column":17},"end":{"line":67,"column":46}},"39":{"start":{"line":68,"column":4},"end":{"line":68,"column":43}},"40":{"start":{"line":70,"column":4},"end":{"line":70,"column":51}},"41":{"start":{"line":74,"column":27},"end":{"line":82,"column":1}},"42":{"start":{"line":75,"column":2},"end":{"line":81,"column":3}},"43":{"start":{"line":76,"column":19},"end":{"line":76,"column":29}},"44":{"start":{"line":77,"column":4},"end":{"line":77,"column":25}},"45":{"start":{"line":78,"column":4},"end":{"line":78,"column":59}},"46":{"start":{"line":80,"column":4},"end":{"line":80,"column":51}},"47":{"start":{"line":84,"column":31},"end":{"line":92,"column":1}},"48":{"start":{"line":85,"column":2},"end":{"line":91,"column":3}},"49":{"start":{"line":86,"column":19},"end":{"line":86,"column":29}},"50":{"start":{"line":87,"column":17},"end":{"line":87,"column":41}},"51":{"start":{"line":88,"column":4},"end":{"line":88,"column":43}},"52":{"start":{"line":90,"column":4},"end":{"line":90,"column":51}},"53":{"start":{"line":94,"column":0},"end":{"line":101,"column":2}}},"fnMap":{"0":{"name":"(anonymous_0)","decl":{"start":{"line":11,"column":19},"end":{"line":11,"column":20}},"loc":{"start":{"line":11,"column":30},"end":{"line":19,"column":1}},"line":11},"1":{"name":"(anonymous_1)","decl":{"start":{"line":21,"column":17},"end":{"line":21,"column":18}},"loc":{"start":{"line":21,"column":37},"end":{"line":28,"column":1}},"line":21},"2":{"name":"(anonymous_2)","decl":{"start":{"line":30,"column":16},"end":{"line":30,"column":17}},"loc":{"start":{"line":30,"column":36},"end":{"line":38,"column":1}},"line":30},"3":{"name":"(anonymous_3)","decl":{"start":{"line":40,"column":22},"end":{"line":40,"column":23}},"loc":{"start":{"line":40,"column":42},"end":{"line":56,"column":1}},"line":40},"4":{"name":"(anonymous_4)","decl":{"start":{"line":58,"column":27},"end":{"line":58,"column":28}},"loc":{"start":{"line":58,"column":47},"end":{"line":72,"column":1}},"line":58},"5":{"name":"(anonymous_5)","decl":{"start":{"line":74,"column":27},"end":{"line":74,"column":28}},"loc":{"start":{"line":74,"column":47},"end":{"line":82,"column":1}},"line":74},"6":{"name":"(anonymous_6)","decl":{"start":{"line":84,"column":31},"end":{"line":84,"column":32}},"loc":{"start":{"line":84,"column":51},"end":{"line":92,"column":1}},"line":84}},"branchMap":{"0":{"loc":{"start":{"line":43,"column":4},"end":{"line":45,"column":5}},"type":"if","locations":[{"start":{"line":43,"column":4},"end":{"line":45,"column":5}},{"start":{},"end":{}}],"line":43},"1":{"loc":{"start":{"line":51,"column":4},"end":{"line":53,"column":5}},"type":"if","locations":[{"start":{"line":51,"column":4},"end":{"line":53,"column":5}},{"start":{},"end":{}}],"line":51},"2":{"loc":{"start":{"line":62,"column":4},"end":{"line":62,"column":57}},"type":"if","locations":[{"start":{"line":62,"column":4},"end":{"line":62,"column":57}},{"start":{},"end":{}}],"line":62},"3":{"loc":{"start":{"line":63,"column":4},"end":{"line":63,"column":55}},"type":"if","locations":[{"start":{"line":63,"column":4},"end":{"line":63,"column":55}},{"start":{},"end":{}}],"line":63},"4":{"loc":{"start":{"line":64,"column":4},"end":{"line":64,"column":55}},"type":"if","locations":[{"start":{"line":64,"column":4},"end":{"line":64,"column":55}},{"start":{},"end":{}}],"line":64},"5":{"loc":{"start":{"line":65,"column":4},"end":{"line":65,"column":64}},"type":"if","locations":[{"start":{"line":65,"column":4},"end":{"line":65,"column":64}},{"start":{},"end":{}}],"line":65}},"s":{"0":4,"1":4,"2":4,"3":37,"4":4,"5":2,"6":2,"7":2,"8":0,"9":4,"10":3,"11":3,"12":3,"13":1,"14":2,"15":4,"16":6,"17":6,"18":6,"19":0,"20":6,"21":6,"22":5,"23":1,"24":1,"25":0,"26":4,"27":1,"28":1,"29":1,"30":1,"31":1,"32":1,"33":0,"34":1,"35":0,"36":1,"37":0,"38":1,"39":1,"40":0,"41":4,"42":1,"43":1,"44":1,"45":1,"46":0,"47":4,"48":0,"49":0,"50":0,"51":0,"52":0,"53":4},"f":{"0":37,"1":2,"2":3,"3":6,"4":1,"5":1,"6":0},"b":{"0":[0,6],"1":[1,0],"2":[1,0],"3":[0,1],"4":[0,1],"5":[0,1]},"_coverageSchema":"1a1c01bbd47fc00a2c39e90264f33305004495a9","hash":"7f06d01b1083cf09bbb5ca13b5871b597e16123a"}
,"D:\\BACK-SOFT-IA\\MS-USER\\src\\middlewares\\authMiddleware.js": {"path":"D:\\BACK-SOFT-IA\\MS-USER\\src\\middlewares\\authMiddleware.js","statementMap":{"0":{"start":{"line":1,"column":12},"end":{"line":1,"column":35}},"1":{"start":{"line":3,"column":23},"end":{"line":18,"column":1}},"2":{"start":{"line":4,"column":2},"end":{"line":17,"column":3}},"3":{"start":{"line":5,"column":23},"end":{"line":5,"column":51}},"4":{"start":{"line":6,"column":18},"end":{"line":6,"column":56}},"5":{"start":{"line":8,"column":4},"end":{"line":10,"column":5}},"6":{"start":{"line":9,"column":6},"end":{"line":9,"column":66}},"7":{"start":{"line":12,"column":20},"end":{"line":12,"column":73}},"8":{"start":{"line":13,"column":4},"end":{"line":13,"column":28}},"9":{"start":{"line":14,"column":4},"end":{"line":14,"column":11}},"10":{"start":{"line":16,"column":4},"end":{"line":16,"column":71}},"11":{"start":{"line":20,"column":0},"end":{"line":20,"column":32}}},"fnMap":{"0":{"name":"(anonymous_0)","decl":{"start":{"line":3,"column":23},"end":{"line":3,"column":24}},"loc":{"start":{"line":3,"column":43},"end":{"line":18,"column":1}},"line":3}},"branchMap":{"0":{"loc":{"start":{"line":6,"column":18},"end":{"line":6,"column":56}},"type":"binary-expr","locations":[{"start":{"line":6,"column":18},"end":{"line":6,"column":28}},{"start":{"line":6,"column":32},"end":{"line":6,"column":56}}],"line":6},"1":{"loc":{"start":{"line":8,"column":4},"end":{"line":10,"column":5}},"type":"if","locations":[{"start":{"line":8,"column":4},"end":{"line":10,"column":5}},{"start":{},"end":{}}],"line":8},"2":{"loc":{"start":{"line":12,"column":38},"end":{"line":12,"column":72}},"type":"binary-expr","locations":[{"start":{"line":12,"column":38},"end":{"line":12,"column":60}},{"start":{"line":12,"column":64},"end":{"line":12,"column":72}}],"line":12}},"s":{"0":0,"1":0,"2":0,"3":0,"4":0,"5":0,"6":0,"7":0,"8":0,"9":0,"10":0,"11":0},"f":{"0":0},"b":{"0":[0,0],"1":[0,0],"2":[0,0]}}
,"D:\\BACK-SOFT-IA\\MS-USER\\src\\routes\\user.routes.js": {"path":"D:\\BACK-SOFT-IA\\MS-USER\\src\\routes\\user.routes.js","statementMap":{"0":{"start":{"line":1,"column":16},"end":{"line":1,"column":34}},"1":{"start":{"line":2,"column":15},"end":{"line":2,"column":31}},"2":{"start":{"line":3,"column":35},"end":{"line":3,"column":63}},"3":{"start":{"line":4,"column":109},"end":{"line":4,"column":150}},"4":{"start":{"line":6,"column":31},"end":{"line":12,"column":1}},"5":{"start":{"line":7,"column":17},"end":{"line":7,"column":38}},"6":{"start":{"line":8,"column":2},"end":{"line":10,"column":3}},"7":{"start":{"line":9,"column":4},"end":{"line":9,"column":66}},"8":{"start":{"line":11,"column":2},"end":{"line":11,"column":9}},"9":{"start":{"line":15,"column":0},"end":{"line":21,"column":2}},"10":{"start":{"line":24,"column":0},"end":{"line":30,"column":2}},"11":{"start":{"line":33,"column":0},"end":{"line":35,"column":3}},"12":{"start":{"line":34,"column":2},"end":{"line":34,"column":67}},"13":{"start":{"line":38,"column":0},"end":{"line":38,"column":26}},"14":{"start":{"line":41,"column":0},"end":{"line":41,"column":28}},"15":{"start":{"line":44,"column":0},"end":{"line":44,"column":39}},"16":{"start":{"line":47,"column":0},"end":{"line":47,"column":42}},"17":{"start":{"line":50,"column":0},"end":{"line":50,"column":56}},"18":{"start":{"line":52,"column":0},"end":{"line":52,"column":24}}},"fnMap":{"0":{"name":"(anonymous_0)","decl":{"start":{"line":6,"column":31},"end":{"line":6,"column":32}},"loc":{"start":{"line":6,"column":51},"end":{"line":12,"column":1}},"line":6},"1":{"name":"(anonymous_1)","decl":{"start":{"line":33,"column":22},"end":{"line":33,"column":23}},"loc":{"start":{"line":33,"column":36},"end":{"line":35,"column":1}},"line":33}},"branchMap":{"0":{"loc":{"start":{"line":8,"column":2},"end":{"line":10,"column":3}},"type":"if","locations":[{"start":{"line":8,"column":2},"end":{"line":10,"column":3}},{"start":{},"end":{}}],"line":8}},"s":{"0":4,"1":4,"2":4,"3":4,"4":4,"5":9,"6":9,"7":3,"8":6,"9":4,"10":4,"11":4,"12":0,"13":4,"14":4,"15":4,"16":4,"17":4,"18":4},"f":{"0":9,"1":0},"b":{"0":[3,6]},"_coverageSchema":"1a1c01bbd47fc00a2c39e90264f33305004495a9","hash":"bd75a9ffce70458eb5f47d41950f976ea4caa22c"}
,"D:\\BACK-SOFT-IA\\MS-USER\\src\\services\\user.service.js": {"path":"D:\\BACK-SOFT-IA\\MS-USER\\src\\services\\user.service.js","statementMap":{"0":{"start":{"line":1,"column":13},"end":{"line":1,"column":29}},"1":{"start":{"line":2,"column":15},"end":{"line":2,"column":32}},"2":{"start":{"line":5,"column":23},"end":{"line":5,"column":40}},"3":{"start":{"line":7,"column":20},"end":{"line":20,"column":1}},"4":{"start":{"line":8,"column":2},"end":{"line":19,"column":3}},"5":{"start":{"line":9,"column":18},"end":{"line":13,"column":5}},"6":{"start":{"line":14,"column":21},"end":{"line":14,"column":44}},"7":{"start":{"line":15,"column":4},"end":{"line":15,"column":16}},"8":{"start":{"line":17,"column":4},"end":{"line":17,"column":58}},"9":{"start":{"line":18,"column":4},"end":{"line":18,"column":16}},"10":{"start":{"line":22,"column":20},"end":{"line":31,"column":1}},"11":{"start":{"line":23,"column":16},"end":{"line":27,"column":3}},"12":{"start":{"line":28,"column":19},"end":{"line":28,"column":48}},"13":{"start":{"line":29,"column":2},"end":{"line":29,"column":57}},"14":{"start":{"line":29,"column":16},"end":{"line":29,"column":57}},"15":{"start":{"line":30,"column":2},"end":{"line":30,"column":17}},"16":{"start":{"line":33,"column":19},"end":{"line":47,"column":1}},"17":{"start":{"line":34,"column":13},"end":{"line":34,"column":25}},"18":{"start":{"line":35,"column":25},"end":{"line":35,"column":56}},"19":{"start":{"line":37,"column":16},"end":{"line":42,"column":3}},"20":{"start":{"line":43,"column":17},"end":{"line":43,"column":62}},"21":{"start":{"line":45,"column":19},"end":{"line":45,"column":50}},"22":{"start":{"line":46,"column":2},"end":{"line":46,"column":17}},"23":{"start":{"line":49,"column":19},"end":{"line":73,"column":1}},"24":{"start":{"line":50,"column":14},"end":{"line":55,"column":3}},"25":{"start":{"line":56,"column":15},"end":{"line":56,"column":40}},"26":{"start":{"line":58,"column":2},"end":{"line":62,"column":3}},"27":{"start":{"line":59,"column":27},"end":{"line":59,"column":58}},"28":{"start":{"line":60,"column":4},"end":{"line":60,"column":36}},"29":{"start":{"line":61,"column":4},"end":{"line":61,"column":32}},"30":{"start":{"line":64,"column":2},"end":{"line":67,"column":4}},"31":{"start":{"line":68,"column":2},"end":{"line":68,"column":18}},"32":{"start":{"line":70,"column":19},"end":{"line":70,"column":50}},"33":{"start":{"line":71,"column":2},"end":{"line":71,"column":57}},"34":{"start":{"line":71,"column":16},"end":{"line":71,"column":57}},"35":{"start":{"line":72,"column":2},"end":{"line":72,"column":17}},"36":{"start":{"line":75,"column":19},"end":{"line":80,"column":1}},"37":{"start":{"line":76,"column":16},"end":{"line":76,"column":75}},"38":{"start":{"line":77,"column":19},"end":{"line":77,"column":48}},"39":{"start":{"line":78,"column":2},"end":{"line":78,"column":57}},"40":{"start":{"line":78,"column":16},"end":{"line":78,"column":57}},"41":{"start":{"line":79,"column":2},"end":{"line":79,"column":17}},"42":{"start":{"line":82,"column":23},"end":{"line":92,"column":1}},"43":{"start":{"line":83,"column":16},"end":{"line":88,"column":3}},"44":{"start":{"line":89,"column":19},"end":{"line":89,"column":48}},"45":{"start":{"line":90,"column":2},"end":{"line":90,"column":57}},"46":{"start":{"line":90,"column":16},"end":{"line":90,"column":57}},"47":{"start":{"line":91,"column":2},"end":{"line":91,"column":17}},"48":{"start":{"line":94,"column":0},"end":{"line":101,"column":2}}},"fnMap":{"0":{"name":"(anonymous_0)","decl":{"start":{"line":7,"column":20},"end":{"line":7,"column":21}},"loc":{"start":{"line":7,"column":32},"end":{"line":20,"column":1}},"line":7},"1":{"name":"(anonymous_1)","decl":{"start":{"line":22,"column":20},"end":{"line":22,"column":21}},"loc":{"start":{"line":22,"column":34},"end":{"line":31,"column":1}},"line":22},"2":{"name":"(anonymous_2)","decl":{"start":{"line":33,"column":19},"end":{"line":33,"column":20}},"loc":{"start":{"line":33,"column":68},"end":{"line":47,"column":1}},"line":33},"3":{"name":"(anonymous_3)","decl":{"start":{"line":49,"column":19},"end":{"line":49,"column":20}},"loc":{"start":{"line":49,"column":72},"end":{"line":73,"column":1}},"line":49},"4":{"name":"(anonymous_4)","decl":{"start":{"line":75,"column":19},"end":{"line":75,"column":20}},"loc":{"start":{"line":75,"column":33},"end":{"line":80,"column":1}},"line":75},"5":{"name":"(anonymous_5)","decl":{"start":{"line":82,"column":23},"end":{"line":82,"column":24}},"loc":{"start":{"line":82,"column":37},"end":{"line":92,"column":1}},"line":82}},"branchMap":{"0":{"loc":{"start":{"line":29,"column":2},"end":{"line":29,"column":57}},"type":"if","locations":[{"start":{"line":29,"column":2},"end":{"line":29,"column":57}},{"start":{},"end":{}}],"line":29},"1":{"loc":{"start":{"line":58,"column":2},"end":{"line":62,"column":3}},"type":"if","locations":[{"start":{"line":58,"column":2},"end":{"line":62,"column":3}},{"start":{},"end":{}}],"line":58},"2":{"loc":{"start":{"line":71,"column":2},"end":{"line":71,"column":57}},"type":"if","locations":[{"start":{"line":71,"column":2},"end":{"line":71,"column":57}},{"start":{},"end":{}}],"line":71},"3":{"loc":{"start":{"line":78,"column":2},"end":{"line":78,"column":57}},"type":"if","locations":[{"start":{"line":78,"column":2},"end":{"line":78,"column":57}},{"start":{},"end":{}}],"line":78},"4":{"loc":{"start":{"line":90,"column":2},"end":{"line":90,"column":57}},"type":"if","locations":[{"start":{"line":90,"column":2},"end":{"line":90,"column":57}},{"start":{},"end":{}}],"line":90}},"s":{"0":4,"1":4,"2":4,"3":4,"4":2,"5":2,"6":2,"7":2,"8":0,"9":0,"10":4,"11":3,"12":3,"13":2,"14":1,"15":1,"16":4,"17":6,"18":6,"19":6,"20":6,"21":6,"22":5,"23":4,"24":1,"25":1,"26":1,"27":0,"28":0,"29":0,"30":1,"31":1,"32":1,"33":1,"34":0,"35":1,"36":4,"37":1,"38":1,"39":1,"40":0,"41":1,"42":4,"43":0,"44":0,"45":0,"46":0,"47":0,"48":4},"f":{"0":2,"1":3,"2":6,"3":1,"4":1,"5":0},"b":{"0":[1,1],"1":[0,1],"2":[0,1],"3":[0,1],"4":[0,0]},"_coverageSchema":"1a1c01bbd47fc00a2c39e90264f33305004495a9","hash":"d8256d6d9f1ba47e268e2eab1cc5f82472af188b"}
}
