TN:
SF:src\app.js
FN:18,(anonymous_0)
FN:30,(anonymous_1)
FN:38,(anonymous_2)
FNF:3
FNH:2
FNDA:2,(anonymous_0)
FNDA:0,(anonymous_1)
FNDA:1,(anonymous_2)
DA:1,4
DA:2,4
DA:3,4
DA:4,4
DA:5,4
DA:7,4
DA:10,4
DA:11,4
DA:12,4
DA:15,4
DA:18,4
DA:19,2
DA:27,4
DA:30,4
DA:31,0
DA:32,0
DA:38,4
DA:39,1
DA:45,4
LF:19
LH:17
BRDA:32,0,0,0
BRDA:32,0,1,0
BRDA:33,1,0,0
BRDA:33,1,1,0
BRF:4
BRH:0
end_of_record
TN:
SF:src\db.js
FN:12,(anonymous_0)
FN:16,(anonymous_1)
FN:22,(anonymous_2)
FN:29,(anonymous_3)
FN:41,(anonymous_4)
FN:46,(anonymous_5)
FNF:6
FNH:4
FNDA:0,(anonymous_0)
FNDA:4,(anonymous_1)
FNDA:13,(anonymous_2)
FNDA:0,(anonymous_3)
FNDA:11,(anonymous_4)
FNDA:2,(anonymous_5)
DA:1,4
DA:2,4
DA:4,4
DA:12,4
DA:13,0
DA:16,4
DA:17,4
DA:21,4
DA:22,4
DA:23,13
DA:24,13
DA:26,13
DA:28,13
DA:29,0
DA:30,0
DA:31,0
DA:32,0
DA:34,0
DA:36,0
DA:39,13
DA:40,13
DA:42,11
DA:43,11
DA:44,11
DA:47,2
DA:48,2
DA:49,2
DA:54,4
LF:28
LH:21
BRDA:24,0,0,11
BRDA:24,0,1,2
BRDA:28,1,0,0
BRDA:28,1,1,13
BRDA:31,2,0,0
BRDA:31,2,1,0
BRF:6
BRH:3
end_of_record
TN:
SF:src\swagger.js
FNF:0
FNH:0
DA:1,4
DA:3,4
DA:39,4
DA:41,4
LF:4
LH:4
BRDA:17,0,0,4
BRDA:17,0,1,4
BRF:2
BRH:2
end_of_record
TN:
SF:src\config\supabase.js
FNF:0
FNH:0
DA:4,0
DA:6,0
DA:7,0
DA:9,0
DA:10,0
DA:13,0
LF:6
LH:0
BRDA:9,0,0,0
BRDA:9,0,1,0
BRDA:9,1,0,0
BRDA:9,1,1,0
BRF:4
BRH:0
end_of_record
TN:
SF:src\controllers\user.controller.js
FN:11,(anonymous_0)
FN:21,(anonymous_1)
FN:30,(anonymous_2)
FN:40,(anonymous_3)
FN:58,(anonymous_4)
FN:74,(anonymous_5)
FN:84,(anonymous_6)
FNF:7
FNH:6
FNDA:37,(anonymous_0)
FNDA:2,(anonymous_1)
FNDA:3,(anonymous_2)
FNDA:6,(anonymous_3)
FNDA:1,(anonymous_4)
FNDA:1,(anonymous_5)
FNDA:0,(anonymous_6)
DA:1,4
DA:9,4
DA:11,37
DA:21,4
DA:22,2
DA:23,2
DA:24,2
DA:26,0
DA:30,4
DA:31,3
DA:32,3
DA:33,3
DA:34,1
DA:36,2
DA:40,4
DA:41,6
DA:42,6
DA:43,6
DA:44,0
DA:47,6
DA:48,6
DA:49,5
DA:51,1
DA:52,1
DA:54,0
DA:58,4
DA:59,1
DA:60,1
DA:61,1
DA:62,1
DA:63,1
DA:64,1
DA:65,1
DA:67,1
DA:68,1
DA:70,0
DA:74,4
DA:75,1
DA:76,1
DA:77,1
DA:78,1
DA:80,0
DA:84,4
DA:85,0
DA:86,0
DA:87,0
DA:88,0
DA:90,0
DA:94,4
LF:49
LH:39
BRDA:43,0,0,0
BRDA:43,0,1,6
BRDA:51,1,0,1
BRDA:51,1,1,0
BRDA:62,2,0,1
BRDA:62,2,1,0
BRDA:63,3,0,0
BRDA:63,3,1,1
BRDA:64,4,0,0
BRDA:64,4,1,1
BRDA:65,5,0,0
BRDA:65,5,1,1
BRF:12
BRH:6
end_of_record
TN:
SF:src\middlewares\authMiddleware.js
FN:3,(anonymous_0)
FNF:1
FNH:0
FNDA:0,(anonymous_0)
DA:1,0
DA:3,0
DA:4,0
DA:5,0
DA:6,0
DA:8,0
DA:9,0
DA:12,0
DA:13,0
DA:14,0
DA:16,0
DA:20,0
LF:12
LH:0
BRDA:6,0,0,0
BRDA:6,0,1,0
BRDA:8,1,0,0
BRDA:8,1,1,0
BRDA:12,2,0,0
BRDA:12,2,1,0
BRF:6
BRH:0
end_of_record
TN:
SF:src\routes\user.routes.js
FN:6,(anonymous_0)
FN:33,(anonymous_1)
FNF:2
FNH:1
FNDA:9,(anonymous_0)
FNDA:0,(anonymous_1)
DA:1,4
DA:2,4
DA:3,4
DA:4,4
DA:6,4
DA:7,9
DA:8,9
DA:9,3
DA:11,6
DA:15,4
DA:24,4
DA:33,4
DA:34,0
DA:38,4
DA:41,4
DA:44,4
DA:47,4
DA:50,4
DA:52,4
LF:19
LH:18
BRDA:8,0,0,3
BRDA:8,0,1,6
BRF:2
BRH:2
end_of_record
TN:
SF:src\services\user.service.js
FN:7,(anonymous_0)
FN:22,(anonymous_1)
FN:33,(anonymous_2)
FN:49,(anonymous_3)
FN:75,(anonymous_4)
FN:82,(anonymous_5)
FNF:6
FNH:5
FNDA:2,(anonymous_0)
FNDA:3,(anonymous_1)
FNDA:6,(anonymous_2)
FNDA:1,(anonymous_3)
FNDA:1,(anonymous_4)
FNDA:0,(anonymous_5)
DA:1,4
DA:2,4
DA:5,4
DA:7,4
DA:8,2
DA:9,2
DA:14,2
DA:15,2
DA:17,0
DA:18,0
DA:22,4
DA:23,3
DA:28,3
DA:29,2
DA:30,1
DA:33,4
DA:34,6
DA:35,6
DA:37,6
DA:43,6
DA:45,6
DA:46,5
DA:49,4
DA:50,1
DA:56,1
DA:58,1
DA:59,0
DA:60,0
DA:61,0
DA:64,1
DA:68,1
DA:70,1
DA:71,1
DA:72,1
DA:75,4
DA:76,1
DA:77,1
DA:78,1
DA:79,1
DA:82,4
DA:83,0
DA:89,0
DA:90,0
DA:91,0
DA:94,4
LF:45
LH:36
BRDA:29,0,0,1
BRDA:29,0,1,1
BRDA:58,1,0,0
BRDA:58,1,1,1
BRDA:71,2,0,0
BRDA:71,2,1,1
BRDA:78,3,0,0
BRDA:78,3,1,1
BRDA:90,4,0,0
BRDA:90,4,1,0
BRF:10
BRH:5
end_of_record
