TN:
SF:src\app.js
FN:22,(anonymous_0)
FN:27,(anonymous_1)
FN:36,(anonymous_2)
FNF:3
FNH:1
FNDA:1,(anonymous_0)
FNDA:0,(anonymous_1)
FNDA:0,(anonymous_2)
DA:1,4
DA:2,4
DA:3,4
DA:4,4
DA:5,4
DA:6,4
DA:8,4
DA:11,4
DA:12,4
DA:15,4
DA:18,4
DA:19,4
DA:22,4
DA:23,1
DA:27,4
DA:28,0
DA:29,0
DA:32,4
DA:35,4
DA:36,0
DA:37,0
DA:41,4
LF:22
LH:18
BRDA:32,0,0,4
BRDA:32,0,1,0
BRDA:35,1,0,0
BRDA:35,1,1,4
BRF:4
BRH:2
end_of_record
TN:
SF:src\db.js
FN:12,(anonymous_0)
FN:16,(anonymous_1)
FN:22,(anonymous_2)
FN:29,(anonymous_3)
FN:41,(anonymous_4)
FN:46,(anonymous_5)
FNF:6
FNH:0
FNDA:0,(anonymous_0)
FNDA:0,(anonymous_1)
FNDA:0,(anonymous_2)
FNDA:0,(anonymous_3)
FNDA:0,(anonymous_4)
FNDA:0,(anonymous_5)
DA:1,4
DA:2,4
DA:4,4
DA:12,4
DA:13,0
DA:16,4
DA:17,0
DA:21,4
DA:22,4
DA:23,0
DA:24,0
DA:26,0
DA:28,0
DA:29,0
DA:30,0
DA:31,0
DA:32,0
DA:34,0
DA:36,0
DA:39,0
DA:40,0
DA:42,0
DA:43,0
DA:44,0
DA:47,0
DA:48,0
DA:49,0
DA:54,4
LF:28
LH:8
BRDA:24,0,0,0
BRDA:24,0,1,0
BRDA:28,1,0,0
BRDA:28,1,1,0
BRDA:31,2,0,0
BRDA:31,2,1,0
BRF:6
BRH:0
end_of_record
TN:
SF:src\swagger.js
FNF:0
FNH:0
DA:1,4
DA:3,4
DA:39,4
DA:41,4
LF:4
LH:4
BRDA:17,0,0,4
BRDA:17,0,1,4
BRF:2
BRH:2
end_of_record
TN:
SF:src\config\supabase.js
FNF:0
FNH:0
DA:4,0
DA:6,0
DA:7,0
DA:9,0
DA:10,0
DA:13,0
LF:6
LH:0
BRDA:9,0,0,0
BRDA:9,0,1,0
BRDA:9,1,0,0
BRDA:9,1,1,0
BRF:4
BRH:0
end_of_record
TN:
SF:src\controllers\user.controller.js
FN:11,(anonymous_0)
FN:24,(anonymous_1)
FN:34,(anonymous_2)
FN:48,(anonymous_3)
FN:67,(anonymous_4)
FN:84,(anonymous_5)
FN:95,(anonymous_6)
FNF:7
FNH:6
FNDA:7,(anonymous_0)
FNDA:2,(anonymous_1)
FNDA:3,(anonymous_2)
FNDA:6,(anonymous_3)
FNDA:1,(anonymous_4)
FNDA:1,(anonymous_5)
FNDA:0,(anonymous_6)
DA:1,4
DA:9,4
DA:11,4
DA:12,7
DA:13,7
DA:24,4
DA:25,2
DA:26,2
DA:27,2
DA:29,0
DA:30,0
DA:34,4
DA:35,3
DA:36,3
DA:37,3
DA:38,1
DA:39,0
DA:41,1
DA:43,2
DA:44,2
DA:48,4
DA:49,6
DA:50,6
DA:51,6
DA:52,0
DA:55,6
DA:56,6
DA:57,5
DA:59,1
DA:60,1
DA:61,1
DA:63,0
DA:67,4
DA:68,1
DA:69,1
DA:70,1
DA:71,1
DA:72,1
DA:73,1
DA:74,1
DA:76,1
DA:77,1
DA:79,0
DA:80,0
DA:84,4
DA:85,1
DA:86,1
DA:87,1
DA:88,1
DA:90,0
DA:91,0
DA:95,4
DA:96,0
DA:97,0
DA:98,0
DA:99,0
DA:101,0
DA:102,0
DA:106,4
LF:59
LH:44
BRDA:38,0,0,0
BRDA:38,0,1,1
BRDA:51,1,0,0
BRDA:51,1,1,6
BRDA:60,2,0,1
BRDA:60,2,1,0
BRDA:71,3,0,1
BRDA:71,3,1,0
BRDA:72,4,0,0
BRDA:72,4,1,1
BRDA:73,5,0,0
BRDA:73,5,1,1
BRDA:74,6,0,0
BRDA:74,6,1,1
BRF:14
BRH:7
end_of_record
TN:
SF:src\middlewares\authMiddleware.js
FN:3,(anonymous_0)
FNF:1
FNH:0
FNDA:0,(anonymous_0)
DA:1,0
DA:3,0
DA:4,0
DA:5,0
DA:6,0
DA:8,0
DA:9,0
DA:12,0
DA:13,0
DA:14,0
DA:16,0
DA:20,0
LF:12
LH:0
BRDA:6,0,0,0
BRDA:6,0,1,0
BRDA:8,1,0,0
BRDA:8,1,1,0
BRDA:12,2,0,0
BRDA:12,2,1,0
BRF:6
BRH:0
end_of_record
TN:
SF:src\routes\health.routes.js
FN:6,(anonymous_0)
FNF:1
FNH:1
FNDA:2,(anonymous_0)
DA:1,4
DA:2,4
DA:4,4
DA:6,4
DA:7,2
DA:9,2
DA:17,4
LF:7
LH:7
BRF:0
BRH:0
end_of_record
TN:
SF:src\routes\user.routes.js
FN:6,(anonymous_0)
FN:33,(anonymous_1)
FNF:2
FNH:1
FNDA:9,(anonymous_0)
FNDA:0,(anonymous_1)
DA:1,4
DA:2,4
DA:3,4
DA:4,4
DA:6,4
DA:7,9
DA:8,9
DA:9,3
DA:11,6
DA:15,4
DA:24,4
DA:33,4
DA:34,0
DA:38,4
DA:41,4
DA:44,4
DA:47,4
DA:50,4
DA:52,4
LF:19
LH:18
BRDA:8,0,0,3
BRDA:8,0,1,6
BRF:2
BRH:2
end_of_record
TN:
SF:src\services\user.service.js
FN:4,(anonymous_0)
FN:10,(anonymous_1)
FN:17,(anonymous_2)
FN:28,(anonymous_3)
FN:60,(anonymous_4)
FN:67,(anonymous_5)
FNF:6
FNH:5
FNDA:2,(anonymous_0)
FNDA:3,(anonymous_1)
FNDA:6,(anonymous_2)
FNDA:1,(anonymous_3)
FNDA:1,(anonymous_4)
FNDA:0,(anonymous_5)
DA:1,4
DA:2,4
DA:4,4
DA:5,2
DA:6,2
DA:7,2
DA:10,4
DA:11,3
DA:12,3
DA:13,1
DA:14,1
DA:17,4
DA:18,6
DA:19,6
DA:24,6
DA:25,5
DA:28,4
DA:29,1
DA:30,1
DA:31,1
DA:33,1
DA:34,1
DA:35,1
DA:37,1
DA:38,0
DA:39,0
DA:41,1
DA:42,0
DA:43,0
DA:45,1
DA:46,0
DA:47,0
DA:48,0
DA:51,1
DA:52,1
DA:54,1
DA:55,1
DA:56,1
DA:57,1
DA:60,4
DA:61,1
DA:62,1
DA:63,1
DA:64,1
DA:67,4
DA:68,0
DA:69,0
DA:70,0
DA:71,0
DA:74,4
LF:50
LH:39
BRDA:13,0,0,0
BRDA:13,0,1,1
BRDA:33,1,0,1
BRDA:33,1,1,0
BRDA:37,2,0,0
BRDA:37,2,1,1
BRDA:41,3,0,0
BRDA:41,3,1,1
BRDA:45,4,0,0
BRDA:45,4,1,1
BRDA:56,5,0,0
BRDA:56,5,1,1
BRDA:63,6,0,0
BRDA:63,6,1,1
BRDA:70,7,0,0
BRDA:70,7,1,0
BRF:16
BRH:7
end_of_record
